2025-01-20T00:59:18.448+05:30  INFO 28200 --- [provenir] [Test worker] c.t.provenir.ProvenirApplicationTests    : Starting ProvenirApplicationTests using Java 17.0.13 with PID 28200 (started by kapilankam in /Users/kapilankam/Downloads/provenir)
2025-01-20T00:59:18.448+05:30  INFO 28200 --- [provenir] [Test worker] c.t.provenir.ProvenirApplicationTests    : No active profile set, falling back to 1 default profile: "default"
2025-01-20T00:59:18.695+05:30  INFO 28200 --- [provenir] [Test worker] .s.d.r.c.RepositoryConfigurationDelegate : Bootstrapping Spring Data JPA repositories in DEFAULT mode.
2025-01-20T00:59:18.703+05:30  INFO 28200 --- [provenir] [Test worker] .s.d.r.c.RepositoryConfigurationDelegate : Finished Spring Data repository scanning in 5 ms. Found 0 JPA repository interfaces.
2025-01-20T00:59:18.839+05:30  INFO 28200 --- [provenir] [Test worker] o.hibernate.jpa.internal.util.LogHelper  : HHH000204: Processing PersistenceUnitInfo [name: default]
2025-01-20T00:59:18.854+05:30  INFO 28200 --- [provenir] [Test worker] org.hibernate.Version                    : HHH000412: Hibernate ORM core version 6.6.4.Final
2025-01-20T00:59:18.866+05:30  INFO 28200 --- [provenir] [Test worker] o.h.c.internal.RegionFactoryInitiator    : HHH000026: Second-level cache disabled
2025-01-20T00:59:18.956+05:30  INFO 28200 --- [provenir] [Test worker] o.s.o.j.p.SpringPersistenceUnitInfo      : No LoadTimeWeaver setup: ignoring JPA class transformer
2025-01-20T00:59:18.966+05:30  INFO 28200 --- [provenir] [Test worker] com.zaxxer.hikari.HikariDataSource       : HikariPool-1 - Starting...
2025-01-20T00:59:19.064+05:30  INFO 28200 --- [provenir] [Test worker] com.zaxxer.hikari.pool.HikariPool        : HikariPool-1 - Added connection com.mysql.cj.jdbc.ConnectionImpl@131c0b6f
2025-01-20T00:59:19.065+05:30  INFO 28200 --- [provenir] [Test worker] com.zaxxer.hikari.HikariDataSource       : HikariPool-1 - Start completed.
2025-01-20T00:59:19.097+05:30  WARN 28200 --- [provenir] [Test worker] org.hibernate.orm.deprecation            : HHH90000025: MySQL8Dialect does not need to be specified explicitly using 'hibernate.dialect' (remove the property setting and it will be selected by default)
2025-01-20T00:59:19.097+05:30  WARN 28200 --- [provenir] [Test worker] org.hibernate.orm.deprecation            : HHH90000026: MySQL8Dialect has been deprecated; use org.hibernate.dialect.MySQLDialect instead
2025-01-20T00:59:19.103+05:30  INFO 28200 --- [provenir] [Test worker] org.hibernate.orm.connections.pooling    : HHH10001005: Database info:
	Database JDBC URL [Connecting through datasource 'HikariDataSource (HikariPool-1)']
	Database driver: undefined/unknown
	Database version: 8.0
	Autocommit mode: undefined/unknown
	Isolation level: undefined/unknown
	Minimum pool size: undefined/unknown
	Maximum pool size: undefined/unknown
2025-01-20T00:59:19.203+05:30  INFO 28200 --- [provenir] [Test worker] o.h.e.t.j.p.i.JtaPlatformInitiator       : HHH000489: No JTA platform available (set 'hibernate.transaction.jta.platform' to enable JTA platform integration)
2025-01-20T00:59:19.204+05:30  INFO 28200 --- [provenir] [Test worker] j.LocalContainerEntityManagerFactoryBean : Initialized JPA EntityManagerFactory for persistence unit 'default'
2025-01-20T00:59:19.315+05:30  WARN 28200 --- [provenir] [Test worker] JpaBaseConfiguration$JpaWebConfiguration : spring.jpa.open-in-view is enabled by default. Therefore, database queries may be performed during view rendering. Explicitly configure spring.jpa.open-in-view to disable this warning
2025-01-20T00:59:19.498+05:30  INFO 28200 --- [provenir] [Test worker] c.t.provenir.ProvenirApplicationTests    : Started ProvenirApplicationTests in 1.128 seconds (process running for 1.552)
2025-01-20T00:59:19.820+05:30  INFO 28200 --- [provenir] [SpringApplicationShutdownHook] j.LocalContainerEntityManagerFactoryBean : Closing JPA EntityManagerFactory for persistence unit 'default'
2025-01-20T00:59:19.821+05:30  INFO 28200 --- [provenir] [SpringApplicationShutdownHook] com.zaxxer.hikari.HikariDataSource       : HikariPool-1 - Shutdown initiated...
2025-01-20T00:59:19.825+05:30  INFO 28200 --- [provenir] [SpringApplicationShutdownHook] com.zaxxer.hikari.HikariDataSource       : HikariPool-1 - Shutdown completed.
